2025-12-12 16:57:36 INFO  - Запуск графического интерфейса
2025-12-12 16:58:53 INFO  - Загружено файлов: 13
2025-12-12 16:59:00 INFO  - Выбран файл: Больных Максим (22) ПЕЧАТЬ.pdf
2025-12-12 16:59:02 INFO  - Выбран файл: Больных Максим (22) ПЕЧАТЬ.pdf
2025-12-12 16:59:08 INFO  - Выбран файл: Орлова Дарья (22) ПЕЧАТЬ.pdf
2025-12-12 16:59:10 INFO  - Выбран файл: Больных Максим 27 ПЕЧАТЬ.pdf
2025-12-12 16:59:13 INFO  - Выбран файл: Орлова Дарья (28) ПЕЧАТЬ.pdf
2025-12-12 16:59:16 INFO  - Выбран файл: Больных Максим 27 ПЕЧАТЬ.pdf
2025-12-12 17:00:07 INFO  - Создана директория: /Users/dianahalitova/Desktop/JAVA_CODE/kurs2/untitled/Users/dianakhalitova/Desktop
2025-12-12 17:00:07 INFO  - Копирование: /Users/dianahalitova/Desktop/18_22_27_28/Больных Максим 27 ПЕЧАТЬ.pdf → Users/dianakhalitova/Desktop/Больных Максим 27 ПЕЧАТЬ.pdf
2025-12-12 17:00:07 INFO  - Файл успешно скопирован
2025-12-12 17:02:14 INFO  - Запуск графического интерфейса
2025-12-12 17:02:22 INFO  - Загружено файлов: 13
2025-12-12 17:02:39 INFO  - Выбран файл: Больных Максим 27 ПЕЧАТЬ.pdf
2025-12-12 17:04:42 INFO  - Запуск графического интерфейса
2025-12-12 17:04:54 INFO  - Загружено файлов: 13
2025-12-12 17:04:57 INFO  - Выбран файл: Больных Максим 27 ПЕЧАТЬ.pdf
2025-12-12 17:05:00 INFO  - Выбран файл: Больных Максим 27 ПЕЧАТЬ.pdf
2025-12-12 17:05:02 INFO  - Выбран файл: Больных Максим 27 ПЕЧАТЬ.pdf
2025-12-12 17:05:11 INFO  - Создана директория: /Users/dianahalitova/Desktop/JAVA_CODE/kurs2/untitled/Users/dianakhalitova/Desktop/hihi
2025-12-12 17:05:11 INFO  - Копирование: /Users/dianahalitova/Desktop/18_22_27_28/Больных Максим 27 ПЕЧАТЬ.pdf → Users/dianakhalitova/Desktop/hihi/Больных Максим 27 ПЕЧАТЬ.pdf
2025-12-12 17:05:11 INFO  - Файл успешно скопирован
2025-12-12 17:08:05 INFO  - Создана директория: /Users/dianahalitova/Desktop/JAVA_CODE/kurs2/untitled/Users/dianahalitova/Desktop/hihi
2025-12-12 17:08:05 INFO  - Копирование: /Users/dianahalitova/Desktop/18_22_27_28/Больных Максим 27 ПЕЧАТЬ.pdf → Users/dianahalitova/Desktop/hihi/Больных Максим 27 ПЕЧАТЬ.pdf
2025-12-12 17:08:05 INFO  - Файл успешно скопирован
2025-12-12 17:09:37 INFO  - Копирование: /Users/dianahalitova/Desktop/18_22_27_28/Больных Максим 27 ПЕЧАТЬ.pdf → /Users/dianahalitova/Desktop/hihi/Больных Максим 27 ПЕЧАТЬ.pdf
2025-12-12 17:09:37 INFO  - Файл успешно скопирован
2025-12-12 17:22:25 INFO  - Запуск графического интерфейса
2025-12-12 17:25:01 INFO  - Запуск графического интерфейса
2025-12-12 17:25:21 INFO  - Загружено файлов: 13
2025-12-12 17:25:24 INFO  - Выбран файл: Больных
2025-12-12 17:26:30 INFO  - Выбран файл: Орлова
2025-12-12 17:26:32 INFO  - Копирование: /Users/dianahalitova/Desktop/18_22_27_28/Орлова → /Users/dianahalitova/Desktop/hihi/Орлова
2025-12-12 17:26:32 ERROR - Ошибка копирования: Файл недоступен для чтения: /Users/dianahalitova/Desktop/18_22_27_28/Орлова
2025-12-12 17:26:41 INFO  - Выбран файл: Халитова
2025-12-12 17:26:45 INFO  - Копирование: /Users/dianahalitova/Desktop/18_22_27_28/Халитова → /Users/dianahalitova/Desktop/hihi/Халитова
2025-12-12 17:26:45 ERROR - Ошибка копирования: Файл недоступен для чтения: /Users/dianahalitova/Desktop/18_22_27_28/Халитова
2025-12-12 17:26:48 INFO  - Выбран файл: Больных
2025-12-12 17:26:49 INFO  - Копирование: /Users/dianahalitova/Desktop/18_22_27_28/Больных → /Users/dianahalitova/Desktop/hihi/Больных
2025-12-12 17:26:49 ERROR - Ошибка копирования: Файл недоступен для чтения: /Users/dianahalitova/Desktop/18_22_27_28/Больных
2025-12-12 17:27:01 INFO  - Загружено файлов: 7
2025-12-12 17:27:04 INFO  - Выбран файл: Больных
2025-12-12 17:27:09 INFO  - Копирование: /Users/dianahalitova/Desktop/ЛАБЫ 16 17 ТИ/Больных → /Users/dianahalitova/Desktop/hihi/Больных
2025-12-12 17:27:09 ERROR - Ошибка копирования: Файл недоступен для чтения: /Users/dianahalitova/Desktop/ЛАБЫ 16 17 ТИ/Больных
2025-12-12 17:29:45 INFO  - Запуск графического интерфейса
2025-12-12 17:29:50 INFO  - Загружено файлов: 13
2025-12-12 17:29:52 INFO  - Выбран файл: Больных
2025-12-12 17:30:55 INFO  - Копирование: /Users/dianahalitova/Desktop/18_22_27_28/Больных → /Users/dianahalitova/Desktop/hihi/Больных
2025-12-12 17:30:55 ERROR - Ошибка копирования: Файл недоступен для чтения: /Users/dianahalitova/Desktop/18_22_27_28/Больных
2025-12-12 17:33:39 INFO  - Запуск графического интерфейса
2025-12-12 17:33:49 INFO  - Загружено файлов: 1
2025-12-12 17:33:52 INFO  - Выбран файл: Больных
2025-12-12 17:34:42 INFO  - Копирование: /Users/dianahalitova/Desktop/hihi/Больных → /Users/dianahalitova/Desktop/Больных
2025-12-12 17:34:42 ERROR - Ошибка копирования: Файл недоступен для чтения: /Users/dianahalitova/Desktop/hihi/Больных
2025-12-12 17:36:56 INFO  - Запуск графического интерфейса
2025-12-12 17:37:15 INFO  - Загружено файлов: 2
2025-12-12 17:37:17 INFO  - Выбран файл: hihi.docx
2025-12-12 17:37:58 INFO  - Копирование: /Users/dianahalitova/Desktop/hihi/hihi.docx → /Users/dianahalitova/Desktop/hihi.docx
2025-12-12 17:37:58 INFO  - Файл успешно скопирован
2025-12-12 18:01:03 INFO  - Запуск графического интерфейса
2025-12-12 18:01:12 INFO  - Загружено файлов: 2
2025-12-12 18:01:51 INFO  - Выбран файл: hihi.docx
2025-12-12 18:01:53 INFO  - Копирование: /Users/dianahalitova/Desktop/hihi/hihi.docx → /Users/dianahalitova/Desktop/hihi.docx
2025-12-12 18:01:53 INFO  - Файл успешно скопирован
2025-12-12 18:02:29 INFO  - Запуск графического интерфейса
2025-12-12 18:02:34 INFO  - Загружено файлов: 2
2025-12-12 18:02:35 INFO  - Выбран файл: hihi.docx
2025-12-12 18:03:10 INFO  - Копирование: /Users/dianahalitova/Desktop/hihi/hihi.docx → /Users/dianahalitova/Desktop/hihi.docx
2025-12-12 18:03:10 INFO  - Файл успешно скопирован
2025-12-12 18:16:23 INFO  - Запуск графического интерфейса
2025-12-12 18:16:39 INFO  - Загружено файлов: 2
2025-12-12 18:16:40 INFO  - Выбран файл: hihi.docx
2025-12-12 18:17:06 INFO  - Копирование: /Users/dianahalitova/Desktop/hihi/hihi.docx → /Users/dianahalitova/Desktop/hihi.docx
2025-12-12 18:17:06 INFO  - Файл успешно скопирован
2025-12-13 17:50:24 INFO  - Запуск графического интерфейса
2025-12-13 17:50:39 INFO  - Загружено файлов: 2
2025-12-13 17:50:43 INFO  - Выбран файл: hihi.docx
2025-12-14 00:16:35 INFO  - Запуск графического интерфейса (Swing)
2025-12-14 00:18:34 INFO  - Загружено файлов: 2
2025-12-14 00:18:36 INFO  - Выбран файл: Больных
2025-12-14 00:20:47 INFO  - Копирование: /Users/dianahalitova/Desktop/hihi/Больных → /Users/dianahalitova/Desktop/Больных
2025-12-14 00:20:47 ERROR - Ошибка копирования: Файл недоступен для чтения: /Users/dianahalitova/Desktop/hihi/Больных
2025-12-14 00:20:52 INFO  - Выбран файл: hihi.docx
2025-12-14 00:20:55 INFO  - Копирование: /Users/dianahalitova/Desktop/hihi/hihi.docx → /Users/dianahalitova/Desktop/hihi.docx
2025-12-14 00:20:55 INFO  - Файл успешно скопирован
2025-12-14 00:25:58 INFO  - Запуск графического интерфейса (Swing)
